app/build/intermediates/manifest_merge_blame_file/debug/manifest-merger-blame-debug-report.txt
1<?xml version="1.0" encoding="utf-8"?>
2<manifest xmlns:android="http://schemas.android.com/apk/res/android"
3    package="com.example.timeman"
4    android:versionCode="1"
5    android:versionName="1.0" >
6
7    <uses-sdk
8        android:minSdkVersion="21"
8-->src\main\AndroidManifest.xml
9        android:targetSdkVersion="32" />
9-->src\main\AndroidManifest.xml
10
11    <uses-permission android:name="android.permission.INTERNET" />
11-->[com.google.firebase:firebase-auth:21.0.6] AndroidManifest.xml:23:5-67
11-->[com.google.firebase:firebase-auth:21.0.6] AndroidManifest.xml:23:22-64
12    <uses-permission android:name="android.permission.ACCESS_NETWORK_STATE" />
12-->[com.google.firebase:firebase-auth:21.0.6] AndroidManifest.xml:24:5-79
12-->[com.google.firebase:firebase-auth:21.0.6] AndroidManifest.xml:24:22-76
13
14    <application
14-->src\main\AndroidManifest.xml:6:5-63:19
15        android:allowBackup="true"
15-->src\main\AndroidManifest.xml:7:9-35
16        android:appComponentFactory="androidx.core.app.CoreComponentFactory"
16-->[androidx.core:core:1.8.0] AndroidManifest.xml:24:18-86
17        android:dataExtractionRules="@xml/data_extraction_rules"
17-->src\main\AndroidManifest.xml:8:9-65
18        android:debuggable="true"
19        android:fullBackupContent="@xml/backup_rules"
19-->src\main\AndroidManifest.xml:9:9-54
20        android:icon="@mipmap/ic_launcher"
20-->src\main\AndroidManifest.xml:10:9-43
21        android:label="@string/app_name"
21-->src\main\AndroidManifest.xml:11:9-41
22        android:roundIcon="@mipmap/ic_launcher_round"
22-->src\main\AndroidManifest.xml:12:9-54
23        android:supportsRtl="true"
23-->src\main\AndroidManifest.xml:13:9-35
24        android:testOnly="true"
25        android:theme="@style/Theme.Timeman" >
25-->src\main\AndroidManifest.xml:14:9-45
26        <activity
26-->src\main\AndroidManifest.xml:16:9-20:64
27            android:name="com.example.timeman.SignUp"
27-->src\main\AndroidManifest.xml:17:13-35
28            android:exported="false"
28-->src\main\AndroidManifest.xml:18:13-37
29            android:label="@string/title_activity_singup"
29-->src\main\AndroidManifest.xml:19:13-58
30            android:theme="@style/Theme.Timeman.NoActionBar" />
30-->src\main\AndroidManifest.xml:20:13-61
31        <activity
31-->src\main\AndroidManifest.xml:21:9-29:20
32            android:name="com.example.timeman.SignIn"
32-->src\main\AndroidManifest.xml:22:13-35
33            android:exported="true" >
33-->src\main\AndroidManifest.xml:23:13-36
34            <intent-filter>
34-->src\main\AndroidManifest.xml:24:9-28:21
35                <action android:name="android.intent.action.MAIN" />
35-->src\main\AndroidManifest.xml:25:9-61
35-->src\main\AndroidManifest.xml:25:17-58
36
37                <category android:name="android.intent.category.LAUNCHER" />
37-->src\main\AndroidManifest.xml:27:9-69
37-->src\main\AndroidManifest.xml:27:19-66
38            </intent-filter>
39        </activity>
40        <activity
40-->src\main\AndroidManifest.xml:30:9-34:64
41            android:name="com.example.timeman.MainActivity4"
41-->src\main\AndroidManifest.xml:31:13-42
42            android:exported="false"
42-->src\main\AndroidManifest.xml:32:13-37
43            android:label="@string/title_activity_main4"
43-->src\main\AndroidManifest.xml:33:13-57
44            android:theme="@style/Theme.Timeman.NoActionBar" />
44-->src\main\AndroidManifest.xml:34:13-61
45        <activity
45-->src\main\AndroidManifest.xml:35:9-44:20
46            android:name="com.example.timeman.MainActivity3"
46-->src\main\AndroidManifest.xml:36:13-42
47            android:exported="true"
47-->src\main\AndroidManifest.xml:37:13-36
48            android:label="@string/title_activity_main3"
48-->src\main\AndroidManifest.xml:38:13-57
49            android:theme="@style/Theme.Timeman.NoActionBar" >
49-->src\main\AndroidManifest.xml:39:13-61
50            <intent-filter>
50-->src\main\AndroidManifest.xml:24:9-28:21
51                <action android:name="android.intent.action.MAIN" />
51-->src\main\AndroidManifest.xml:25:9-61
51-->src\main\AndroidManifest.xml:25:17-58
52
53                <category android:name="android.intent.category.LAUNCHER" />
53-->src\main\AndroidManifest.xml:27:9-69
53-->src\main\AndroidManifest.xml:27:19-66
54            </intent-filter>
55        </activity>
56        <activity
56-->src\main\AndroidManifest.xml:45:9-49:64
57            android:name="com.example.timeman.MainActivity2"
57-->src\main\AndroidManifest.xml:46:13-42
58            android:exported="false"
58-->src\main\AndroidManifest.xml:47:13-37
59            android:label="@string/title_activity_main2"
59-->src\main\AndroidManifest.xml:48:13-57
60            android:theme="@style/Theme.Timeman.NoActionBar" />
60-->src\main\AndroidManifest.xml:49:13-61
61        <activity
61-->src\main\AndroidManifest.xml:50:9-60:20
62            android:name="com.example.timeman.MainActivity"
62-->src\main\AndroidManifest.xml:51:13-41
63            android:exported="true"
63-->src\main\AndroidManifest.xml:52:13-36
64            android:label="@string/app_name"
64-->src\main\AndroidManifest.xml:53:13-45
65            android:theme="@style/Theme.Timeman.NoActionBar" >
65-->src\main\AndroidManifest.xml:54:13-61
66            <intent-filter>
66-->src\main\AndroidManifest.xml:24:9-28:21
67                <action android:name="android.intent.action.MAIN" />
67-->src\main\AndroidManifest.xml:25:9-61
67-->src\main\AndroidManifest.xml:25:17-58
68
69                <category android:name="android.intent.category.LAUNCHER" />
69-->src\main\AndroidManifest.xml:27:9-69
69-->src\main\AndroidManifest.xml:27:19-66
70            </intent-filter>
71        </activity>
72
73        <service android:name="com.example.timeman.TimerService" />
73-->src\main\AndroidManifest.xml:62:9-49
73-->src\main\AndroidManifest.xml:62:18-46
74
75        <uses-library
75-->[androidx.window:window:1.0.0] AndroidManifest.xml:25:9-27:40
76            android:name="androidx.window.extensions"
76-->[androidx.window:window:1.0.0] AndroidManifest.xml:26:13-54
77            android:required="false" />
77-->[androidx.window:window:1.0.0] AndroidManifest.xml:27:13-37
78        <uses-library
78-->[androidx.window:window:1.0.0] AndroidManifest.xml:28:9-30:40
79            android:name="androidx.window.sidecar"
79-->[androidx.window:window:1.0.0] AndroidManifest.xml:29:13-51
80            android:required="false" />
80-->[androidx.window:window:1.0.0] AndroidManifest.xml:30:13-37
81
82        <activity
82-->[com.google.firebase:firebase-auth:21.0.6] AndroidManifest.xml:27:9-44:20
83            android:name="com.google.firebase.auth.internal.GenericIdpActivity"
83-->[com.google.firebase:firebase-auth:21.0.6] AndroidManifest.xml:28:13-80
84            android:excludeFromRecents="true"
84-->[com.google.firebase:firebase-auth:21.0.6] AndroidManifest.xml:29:13-46
85            android:exported="true"
85-->[com.google.firebase:firebase-auth:21.0.6] AndroidManifest.xml:30:13-36
86            android:launchMode="singleTask"
86-->[com.google.firebase:firebase-auth:21.0.6] AndroidManifest.xml:31:13-44
87            android:theme="@android:style/Theme.Translucent.NoTitleBar" >
87-->[com.google.firebase:firebase-auth:21.0.6] AndroidManifest.xml:32:13-72
88            <intent-filter>
88-->[com.google.firebase:firebase-auth:21.0.6] AndroidManifest.xml:33:13-43:29
89                <action android:name="android.intent.action.VIEW" />
89-->[com.google.firebase:firebase-auth:21.0.6] AndroidManifest.xml:34:17-69
89-->[com.google.firebase:firebase-auth:21.0.6] AndroidManifest.xml:34:25-66
90
91                <category android:name="android.intent.category.DEFAULT" />
91-->[com.google.firebase:firebase-auth:21.0.6] AndroidManifest.xml:36:17-76
91-->[com.google.firebase:firebase-auth:21.0.6] AndroidManifest.xml:36:27-73
92                <category android:name="android.intent.category.BROWSABLE" />
92-->[com.google.firebase:firebase-auth:21.0.6] AndroidManifest.xml:37:17-78
92-->[com.google.firebase:firebase-auth:21.0.6] AndroidManifest.xml:37:27-75
93
94                <data
94-->[com.google.firebase:firebase-auth:21.0.6] AndroidManifest.xml:39:17-42:51
95                    android:host="firebase.auth"
95-->[com.google.firebase:firebase-auth:21.0.6] AndroidManifest.xml:40:21-49
96                    android:path="/"
96-->[com.google.firebase:firebase-auth:21.0.6] AndroidManifest.xml:41:21-37
97                    android:scheme="genericidp" />
97-->[com.google.firebase:firebase-auth:21.0.6] AndroidManifest.xml:42:21-48
98            </intent-filter>
99        </activity>
100        <activity
100-->[com.google.firebase:firebase-auth:21.0.6] AndroidManifest.xml:45:9-62:20
101            android:name="com.google.firebase.auth.internal.RecaptchaActivity"
101-->[com.google.firebase:firebase-auth:21.0.6] AndroidManifest.xml:46:13-79
102            android:excludeFromRecents="true"
102-->[com.google.firebase:firebase-auth:21.0.6] AndroidManifest.xml:47:13-46
103            android:exported="true"
103-->[com.google.firebase:firebase-auth:21.0.6] AndroidManifest.xml:48:13-36
104            android:launchMode="singleTask"
104-->[com.google.firebase:firebase-auth:21.0.6] AndroidManifest.xml:49:13-44
105            android:theme="@android:style/Theme.Translucent.NoTitleBar" >
105-->[com.google.firebase:firebase-auth:21.0.6] AndroidManifest.xml:50:13-72
106            <intent-filter>
106-->[com.google.firebase:firebase-auth:21.0.6] AndroidManifest.xml:51:13-61:29
107                <action android:name="android.intent.action.VIEW" />
107-->[com.google.firebase:firebase-auth:21.0.6] AndroidManifest.xml:34:17-69
107-->[com.google.firebase:firebase-auth:21.0.6] AndroidManifest.xml:34:25-66
108
109                <category android:name="android.intent.category.DEFAULT" />
109-->[com.google.firebase:firebase-auth:21.0.6] AndroidManifest.xml:36:17-76
109-->[com.google.firebase:firebase-auth:21.0.6] AndroidManifest.xml:36:27-73
110                <category android:name="android.intent.category.BROWSABLE" />
110-->[com.google.firebase:firebase-auth:21.0.6] AndroidManifest.xml:37:17-78
110-->[com.google.firebase:firebase-auth:21.0.6] AndroidManifest.xml:37:27-75
111
112                <data
112-->[com.google.firebase:firebase-auth:21.0.6] AndroidManifest.xml:39:17-42:51
113                    android:host="firebase.auth"
113-->[com.google.firebase:firebase-auth:21.0.6] AndroidManifest.xml:40:21-49
114                    android:path="/"
114-->[com.google.firebase:firebase-auth:21.0.6] AndroidManifest.xml:41:21-37
115                    android:scheme="recaptcha" />
115-->[com.google.firebase:firebase-auth:21.0.6] AndroidManifest.xml:42:21-48
116            </intent-filter>
117        </activity>
118
119        <service
119-->[com.google.firebase:firebase-auth:21.0.6] AndroidManifest.xml:64:9-70:19
120            android:name="com.google.firebase.components.ComponentDiscoveryService"
120-->[com.google.firebase:firebase-auth:21.0.6] AndroidManifest.xml:65:13-84
121            android:directBootAware="true"
121-->[com.google.firebase:firebase-common:20.1.1] AndroidManifest.xml:35:13-43
122            android:exported="false" >
122-->[com.google.firebase:firebase-auth:21.0.6] AndroidManifest.xml:66:13-37
123            <meta-data
123-->[com.google.firebase:firebase-auth:21.0.6] AndroidManifest.xml:67:13-69:85
124                android:name="com.google.firebase.components:com.google.firebase.auth.FirebaseAuthRegistrar"
124-->[com.google.firebase:firebase-auth:21.0.6] AndroidManifest.xml:68:17-109
125                android:value="com.google.firebase.components.ComponentRegistrar" />
125-->[com.google.firebase:firebase-auth:21.0.6] AndroidManifest.xml:69:17-82
126            <meta-data
126-->[com.google.firebase:firebase-database:20.0.5] AndroidManifest.xml:32:13-34:85
127                android:name="com.google.firebase.components:com.google.firebase.database.DatabaseRegistrar"
127-->[com.google.firebase:firebase-database:20.0.5] AndroidManifest.xml:33:17-109
128                android:value="com.google.firebase.components.ComponentRegistrar" />
128-->[com.google.firebase:firebase-database:20.0.5] AndroidManifest.xml:34:17-82
129        </service>
130
131        <provider
131-->[com.google.firebase:firebase-common:20.1.1] AndroidManifest.xml:26:9-31:39
132            android:name="com.google.firebase.provider.FirebaseInitProvider"
132-->[com.google.firebase:firebase-common:20.1.1] AndroidManifest.xml:27:13-77
133            android:authorities="com.example.timeman.firebaseinitprovider"
133-->[com.google.firebase:firebase-common:20.1.1] AndroidManifest.xml:28:13-72
134            android:directBootAware="true"
134-->[com.google.firebase:firebase-common:20.1.1] AndroidManifest.xml:29:13-43
135            android:exported="false"
135-->[com.google.firebase:firebase-common:20.1.1] AndroidManifest.xml:30:13-37
136            android:initOrder="100" />
136-->[com.google.firebase:firebase-common:20.1.1] AndroidManifest.xml:31:13-36
137
138        <activity
138-->[com.google.android.gms:play-services-base:18.0.1] AndroidManifest.xml:20:9-22:45
139            android:name="com.google.android.gms.common.api.GoogleApiActivity"
139-->[com.google.android.gms:play-services-base:18.0.1] AndroidManifest.xml:20:19-85
140            android:exported="false"
140-->[com.google.android.gms:play-services-base:18.0.1] AndroidManifest.xml:22:19-43
141            android:theme="@android:style/Theme.Translucent.NoTitleBar" />
141-->[com.google.android.gms:play-services-base:18.0.1] AndroidManifest.xml:21:19-78
142
143        <meta-data
143-->[com.google.android.gms:play-services-basement:18.0.0] AndroidManifest.xml:21:9-23:69
144            android:name="com.google.android.gms.version"
144-->[com.google.android.gms:play-services-basement:18.0.0] AndroidManifest.xml:22:13-58
145            android:value="@integer/google_play_services_version" />
145-->[com.google.android.gms:play-services-basement:18.0.0] AndroidManifest.xml:23:13-66
146
147        <provider
147-->[androidx.emoji2:emoji2:1.0.0] AndroidManifest.xml:26:9-34:20
148            android:name="androidx.startup.InitializationProvider"
148-->[androidx.emoji2:emoji2:1.0.0] AndroidManifest.xml:27:13-67
149            android:authorities="com.example.timeman.androidx-startup"
149-->[androidx.emoji2:emoji2:1.0.0] AndroidManifest.xml:28:13-68
150            android:exported="false" >
150-->[androidx.emoji2:emoji2:1.0.0] AndroidManifest.xml:29:13-37
151            <meta-data
151-->[androidx.emoji2:emoji2:1.0.0] AndroidManifest.xml:31:13-33:52
152                android:name="androidx.emoji2.text.EmojiCompatInitializer"
152-->[androidx.emoji2:emoji2:1.0.0] AndroidManifest.xml:32:17-75
153                android:value="androidx.startup" />
153-->[androidx.emoji2:emoji2:1.0.0] AndroidManifest.xml:33:17-49
154            <meta-data
154-->[androidx.lifecycle:lifecycle-process:2.4.0] AndroidManifest.xml:31:13-33:52
155                android:name="androidx.lifecycle.ProcessLifecycleInitializer"
155-->[androidx.lifecycle:lifecycle-process:2.4.0] AndroidManifest.xml:32:17-78
156                android:value="androidx.startup" />
156-->[androidx.lifecycle:lifecycle-process:2.4.0] AndroidManifest.xml:33:17-49
157        </provider>
158    </application>
159
160</manifest>